2025-12-31 15:33:54,902 INFO Starting IMP supervisor
2025-12-31 15:33:54,928 INFO Started imp_execute pid=14108
2025-12-31 15:33:54,938 INFO Started imp_learning_memory pid=13032
2025-12-31 15:33:54,948 INFO Started imp_strategy_generator pid=4988
2025-12-31 15:33:54,958 INFO Started imp_code_updater pid=13720
2025-12-31 15:33:54,970 INFO Started imp_security_optimizer pid=8352
2025-12-31 15:33:54,979 INFO Started imp_cluster_manager pid=12628
2025-12-31 15:33:54,991 INFO IMP AI is now running
2025-12-31 15:34:00,002 WARNING imp_learning_memory exited with code 0
2025-12-31 15:34:00,003 WARNING imp_strategy_generator exited with code 0
2025-12-31 15:34:00,003 WARNING imp_code_updater exited with code 0
2025-12-31 15:34:10,065 WARNING imp_security_optimizer exited with code 0
2025-12-31 15:41:25,537 INFO Starting IMP supervisor
2025-12-31 15:41:25,562 INFO Started imp_execute pid=6848
2025-12-31 15:41:25,571 INFO Started imp_learning_memory pid=3812
2025-12-31 15:41:25,580 INFO Started imp_strategy_generator pid=12984
2025-12-31 15:41:25,590 INFO Started imp_code_updater pid=14556
2025-12-31 15:41:25,599 INFO Started imp_security_optimizer pid=4040
2025-12-31 15:41:25,609 INFO Started imp_cluster_manager pid=10156
2025-12-31 15:41:25,621 INFO IMP AI is now running
2025-12-31 15:41:30,674 WARNING imp_learning_memory exited with code 0
2025-12-31 15:41:30,713 WARNING imp_strategy_generator exited with code 0
2025-12-31 15:41:30,756 WARNING imp_code_updater exited with code 0
2025-12-31 15:41:40,870 WARNING imp_security_optimizer exited with code 0
2025-12-31 15:41:53,964 INFO Shutdown requested by keyboard interrupt
2025-12-31 15:41:54,557 INFO IMP supervisor finished
2025-12-31 15:44:53,405 INFO Starting IMP supervisor
2025-12-31 15:44:53,425 INFO Started imp_execute pid=9840
2025-12-31 15:44:53,434 INFO Started imp_learning_memory pid=2036
2025-12-31 15:44:53,443 INFO Started imp_strategy_generator pid=8604
2025-12-31 15:44:53,453 INFO Started imp_code_updater pid=12560
2025-12-31 15:44:53,462 INFO Started imp_security_optimizer pid=15124
2025-12-31 15:44:53,471 INFO Started imp_cluster_manager pid=15056
2025-12-31 15:44:53,482 INFO IMP AI is now running
2025-12-31 15:44:58,512 WARNING imp_learning_memory exited with code 0
2025-12-31 15:44:58,550 WARNING imp_strategy_generator exited with code 0
2025-12-31 15:44:58,594 WARNING imp_code_updater exited with code 0
2025-12-31 15:45:08,746 WARNING imp_security_optimizer exited with code 0
2025-12-31 15:45:21,917 INFO Shutdown requested by keyboard interrupt
2025-12-31 15:45:22,341 INFO IMP supervisor finished
2025-12-31 15:52:21,693 INFO Starting IMP supervisor
2025-12-31 15:52:21,746 INFO Started imp_execute pid=5172
2025-12-31 15:52:21,757 INFO Started imp_learning_memory pid=14908
2025-12-31 15:52:21,768 INFO Started imp_strategy_generator pid=108
2025-12-31 15:52:21,779 INFO Started imp_code_updater pid=9752
2025-12-31 15:52:21,789 INFO Started imp_security_optimizer pid=12648
2025-12-31 15:52:21,800 INFO Started imp_cluster_manager pid=12036
2025-12-31 15:52:21,814 INFO IMP AI is now running
2025-12-31 15:52:26,849 WARNING imp_learning_memory exited with code 0
2025-12-31 15:52:26,849 WARNING imp_strategy_generator exited with code 0
2025-12-31 15:52:26,849 WARNING imp_code_updater exited with code 0
2025-12-31 15:52:36,916 WARNING imp_security_optimizer exited with code 0
2025-12-31 16:50:14,066 INFO Shutdown requested by keyboard interrupt
2025-12-31 16:50:20,008 INFO IMP supervisor finished
2026-01-03 14:08:29,466 INFO Starting IMP supervisor
2026-01-03 14:08:29,504 INFO Started imp_execute pid=3292
2026-01-03 14:08:29,522 INFO Started imp_learning_memory pid=23052
2026-01-03 14:08:29,533 INFO Started imp_strategy_generator pid=17824
2026-01-03 14:08:29,544 INFO Started imp_code_updater pid=2572
2026-01-03 14:08:29,554 INFO Started imp_security_optimizer pid=16752
2026-01-03 14:08:29,564 INFO Started imp_cluster_manager pid=19888
2026-01-03 14:08:29,576 INFO IMP AI is now running
2026-01-03 14:08:34,657 WARNING imp_learning_memory exited with code 0
2026-01-03 14:08:34,657 WARNING imp_strategy_generator exited with code 0
2026-01-03 14:09:00,194 WARNING imp_code_updater exited with code 0
2026-01-03 14:09:00,195 WARNING imp_security_optimizer exited with code 0
2026-01-18 15:08:20,584 INFO Starting IMP supervisor
2026-01-18 15:08:20,617 INFO Started imp_execute pid=3984
2026-01-18 15:08:20,626 INFO Started imp_learning_memory pid=3740
2026-01-18 15:08:20,635 INFO Started imp_strategy_generator pid=6540
2026-01-18 15:08:20,646 INFO Started imp_code_updater pid=8848
2026-01-18 15:08:20,656 INFO Started imp_security_optimizer pid=7996
2026-01-18 15:08:20,666 INFO Started imp_cluster_manager pid=7820
2026-01-18 15:08:20,681 INFO IMP AI is now running
2026-01-18 15:08:25,704 WARNING imp_learning_memory exited with code 0
2026-01-18 15:08:25,705 WARNING imp_strategy_generator exited with code 0
2026-01-18 15:08:35,773 WARNING imp_security_optimizer exited with code 0
2026-01-18 15:08:40,779 WARNING imp_code_updater exited with code 0
